<<<<<<< HEAD
{"message":"Listening:8070","level":"info","timestamp":"2021-02-10T11:16:13.412Z"}
{"error":{"code":"MODULE_NOT_FOUND","requireStack":["/media/mapper/ekbazaar-all/tradebazaar-backend/src/controllers/web/sellersController.js","/media/mapper/ekbazaar-all/tradebazaar-backend/app.js"]},"level":"error","message":"uncaughtException: Cannot find module 'razorpay'\nRequire stack:\n- /media/mapper/ekbazaar-all/tradebazaar-backend/src/controllers/web/sellersController.js\n- /media/mapper/ekbazaar-all/tradebazaar-backend/app.js\nError: Cannot find module 'razorpay'\nRequire stack:\n- /media/mapper/ekbazaar-all/tradebazaar-backend/src/controllers/web/sellersController.js\n- /media/mapper/ekbazaar-all/tradebazaar-backend/app.js\n    at Function.Module._resolveFilename (internal/modules/cjs/loader.js:797:15)\n    at Function.Module._load (internal/modules/cjs/loader.js:690:27)\n    at Module.require (internal/modules/cjs/loader.js:852:19)\n    at require (internal/modules/cjs/helpers.js:74:18)\n    at Object.<anonymous> (/media/mapper/ekbazaar-all/tradebazaar-backend/src/controllers/web/sellersController.js:13:18)\n    at Module._compile (internal/modules/cjs/loader.js:959:30)\n    at Object.Module._extensions..js (internal/modules/cjs/loader.js:995:10)\n    at Module.load (internal/modules/cjs/loader.js:815:32)\n    at Function.Module._load (internal/modules/cjs/loader.js:727:14)\n    at Module.require (internal/modules/cjs/loader.js:852:19)\n    at require (internal/modules/cjs/helpers.js:74:18)\n    at Object.<anonymous> (/media/mapper/ekbazaar-all/tradebazaar-backend/app.js:15:39)\n    at Module._compile (internal/modules/cjs/loader.js:959:30)\n    at Object.Module._extensions..js (internal/modules/cjs/loader.js:995:10)\n    at Module.load (internal/modules/cjs/loader.js:815:32)\n    at Function.Module._load (internal/modules/cjs/loader.js:727:14)","stack":"Error: Cannot find module 'razorpay'\nRequire stack:\n- /media/mapper/ekbazaar-all/tradebazaar-backend/src/controllers/web/sellersController.js\n- /media/mapper/ekbazaar-all/tradebazaar-backend/app.js\n    at Function.Module._resolveFilename (internal/modules/cjs/loader.js:797:15)\n    at Function.Module._load (internal/modules/cjs/loader.js:690:27)\n    at Module.require (internal/modules/cjs/loader.js:852:19)\n    at require (internal/modules/cjs/helpers.js:74:18)\n    at Object.<anonymous> (/media/mapper/ekbazaar-all/tradebazaar-backend/src/controllers/web/sellersController.js:13:18)\n    at Module._compile (internal/modules/cjs/loader.js:959:30)\n    at Object.Module._extensions..js (internal/modules/cjs/loader.js:995:10)\n    at Module.load (internal/modules/cjs/loader.js:815:32)\n    at Function.Module._load (internal/modules/cjs/loader.js:727:14)\n    at Module.require (internal/modules/cjs/loader.js:852:19)\n    at require (internal/modules/cjs/helpers.js:74:18)\n    at Object.<anonymous> (/media/mapper/ekbazaar-all/tradebazaar-backend/app.js:15:39)\n    at Module._compile (internal/modules/cjs/loader.js:959:30)\n    at Object.Module._extensions..js (internal/modules/cjs/loader.js:995:10)\n    at Module.load (internal/modules/cjs/loader.js:815:32)\n    at Function.Module._load (internal/modules/cjs/loader.js:727:14)","exception":true,"date":"Wed Feb 10 2021 16:46:25 GMT+0530 (India Standard Time)","process":{"pid":9614,"uid":1000,"gid":1000,"cwd":"/media/mapper/ekbazaar-all/tradebazaar-backend","execPath":"/usr/bin/node","version":"v12.14.0","argv":["/usr/bin/node","/media/mapper/ekbazaar-all/tradebazaar-backend/app.js"],"memoryUsage":{"rss":78204928,"heapTotal":55525376,"heapUsed":31249416,"external":22496966}},"os":{"loadavg":[1.14453125,1.2421875,1.48583984375],"uptime":108847},"trace":[{"column":15,"file":"internal/modules/cjs/loader.js","function":"Module._resolveFilename","line":797,"method":"_resolveFilename","native":false},{"column":27,"file":"internal/modules/cjs/loader.js","function":"Module._load","line":690,"method":"_load","native":false},{"column":19,"file":"internal/modules/cjs/loader.js","function":"Module.require","line":852,"method":"require","native":false},{"column":18,"file":"internal/modules/cjs/helpers.js","function":"require","line":74,"method":null,"native":false},{"column":18,"file":"/media/mapper/ekbazaar-all/tradebazaar-backend/src/controllers/web/sellersController.js","function":null,"line":13,"method":null,"native":false},{"column":30,"file":"internal/modules/cjs/loader.js","function":"Module._compile","line":959,"method":"_compile","native":false},{"column":10,"file":"internal/modules/cjs/loader.js","function":"Module._extensions..js","line":995,"method":".js","native":false},{"column":32,"file":"internal/modules/cjs/loader.js","function":"Module.load","line":815,"method":"load","native":false},{"column":14,"file":"internal/modules/cjs/loader.js","function":"Module._load","line":727,"method":"_load","native":false},{"column":19,"file":"internal/modules/cjs/loader.js","function":"Module.require","line":852,"method":"require","native":false},{"column":18,"file":"internal/modules/cjs/helpers.js","function":"require","line":74,"method":null,"native":false},{"column":39,"file":"/media/mapper/ekbazaar-all/tradebazaar-backend/app.js","function":null,"line":15,"method":null,"native":false},{"column":30,"file":"internal/modules/cjs/loader.js","function":"Module._compile","line":959,"method":"_compile","native":false},{"column":10,"file":"internal/modules/cjs/loader.js","function":"Module._extensions..js","line":995,"method":".js","native":false},{"column":32,"file":"internal/modules/cjs/loader.js","function":"Module.load","line":815,"method":"load","native":false},{"column":14,"file":"internal/modules/cjs/loader.js","function":"Module._load","line":727,"method":"_load","native":false}],"timestamp":"2021-02-10T11:16:25.978Z"}
{"message":"Listening:8070","level":"info","timestamp":"2021-02-10T11:18:30.204Z"}
{"message":"Listening:8070","level":"info","timestamp":"2021-02-11T04:46:50.497Z"}
{"message":"Listening:8070","level":"info","timestamp":"2021-02-11T06:52:09.314Z"}
{"message":"Listening:8070","level":"info","timestamp":"2021-02-11T06:52:58.566Z"}
=======
{"message":"Listening:8070","level":"info","timestamp":"2021-02-25T10:39:54.654Z"}
{"message":"Listening:8070","level":"info","timestamp":"2021-02-26T06:06:52.704Z"}
{"message":"Listening:8070","level":"info","timestamp":"2021-02-26T07:43:02.796Z"}
{"message":"Listening:8070","level":"info","timestamp":"2021-02-26T07:44:39.528Z"}
{"message":"Listening:8070","level":"info","timestamp":"2021-02-26T07:45:36.435Z"}
{"message":"Listening:8070","level":"info","timestamp":"2021-02-26T07:47:53.749Z"}
{"message":"Listening:8070","level":"info","timestamp":"2021-02-26T07:48:35.014Z"}
{"message":"Listening:8070","level":"info","timestamp":"2021-02-26T07:49:15.965Z"}
{"message":"Listening:8070","level":"info","timestamp":"2021-02-26T07:50:43.390Z"}
{"message":"Listening:8070","level":"info","timestamp":"2021-02-26T07:52:39.678Z"}
{"message":"Listening:8070","level":"info","timestamp":"2021-02-26T07:54:47.755Z"}
{"message":"Listening:8070","level":"info","timestamp":"2021-02-26T07:55:21.791Z"}
{"message":"Listening:8070","level":"info","timestamp":"2021-02-26T07:55:48.944Z"}
{"message":"Listening:8070","level":"info","timestamp":"2021-02-26T07:57:43.418Z"}
{"message":"Listening:8070","level":"info","timestamp":"2021-02-26T07:58:42.140Z"}
{"message":"Listening:8070","level":"info","timestamp":"2021-02-26T07:59:28.246Z"}
{"message":"Listening:8070","level":"info","timestamp":"2021-02-26T08:00:36.815Z"}
{"message":"Listening:8070","level":"info","timestamp":"2021-02-26T08:02:00.477Z"}
{"error":{},"level":"error","message":"uncaughtException: Unexpected token )\n/media/mapper/ekbazaar/trade-api/src/controllers/web/paymentController.js:145\n            const gstAmount = (price * gstValue) / 100)\n                                                      ^\n\nSyntaxError: Unexpected token )\n    at Module._compile (internal/modules/cjs/loader.js:723:23)\n    at Object.Module._extensions..js (internal/modules/cjs/loader.js:789:10)\n    at Module.load (internal/modules/cjs/loader.js:653:32)\n    at tryModuleLoad (internal/modules/cjs/loader.js:593:12)\n    at Function.Module._load (internal/modules/cjs/loader.js:585:3)\n    at Module.require (internal/modules/cjs/loader.js:692:17)\n    at require (internal/modules/cjs/helpers.js:25:18)\n    at Object.<anonymous> (/media/mapper/ekbazaar/trade-api/app.js:16:47)\n    at Module._compile (internal/modules/cjs/loader.js:778:30)\n    at Object.Module._extensions..js (internal/modules/cjs/loader.js:789:10)\n    at Module.load (internal/modules/cjs/loader.js:653:32)\n    at tryModuleLoad (internal/modules/cjs/loader.js:593:12)\n    at Function.Module._load (internal/modules/cjs/loader.js:585:3)\n    at Function.Module.runMain (internal/modules/cjs/loader.js:831:12)\n    at startup (internal/bootstrap/node.js:283:19)\n    at bootstrapNodeJSCore (internal/bootstrap/node.js:623:3)","stack":"/media/mapper/ekbazaar/trade-api/src/controllers/web/paymentController.js:145\n            const gstAmount = (price * gstValue) / 100)\n                                                      ^\n\nSyntaxError: Unexpected token )\n    at Module._compile (internal/modules/cjs/loader.js:723:23)\n    at Object.Module._extensions..js (internal/modules/cjs/loader.js:789:10)\n    at Module.load (internal/modules/cjs/loader.js:653:32)\n    at tryModuleLoad (internal/modules/cjs/loader.js:593:12)\n    at Function.Module._load (internal/modules/cjs/loader.js:585:3)\n    at Module.require (internal/modules/cjs/loader.js:692:17)\n    at require (internal/modules/cjs/helpers.js:25:18)\n    at Object.<anonymous> (/media/mapper/ekbazaar/trade-api/app.js:16:47)\n    at Module._compile (internal/modules/cjs/loader.js:778:30)\n    at Object.Module._extensions..js (internal/modules/cjs/loader.js:789:10)\n    at Module.load (internal/modules/cjs/loader.js:653:32)\n    at tryModuleLoad (internal/modules/cjs/loader.js:593:12)\n    at Function.Module._load (internal/modules/cjs/loader.js:585:3)\n    at Function.Module.runMain (internal/modules/cjs/loader.js:831:12)\n    at startup (internal/bootstrap/node.js:283:19)\n    at bootstrapNodeJSCore (internal/bootstrap/node.js:623:3)","exception":true,"date":"Fri Feb 26 2021 13:34:56 GMT+0530 (India Standard Time)","process":{"pid":12881,"uid":1000,"gid":1000,"cwd":"/media/mapper/ekbazaar/trade-api","execPath":"/usr/local/bin/node","version":"v10.19.0","argv":["/usr/local/bin/node","/media/mapper/ekbazaar/trade-api/app.js"],"memoryUsage":{"rss":104697856,"heapTotal":72675328,"heapUsed":43377168,"external":18831167}},"os":{"loadavg":[0.9921875,1.61767578125,2.22900390625],"uptime":13718},"trace":[{"column":23,"file":"internal/modules/cjs/loader.js","function":"Module._compile","line":723,"method":"_compile","native":false},{"column":10,"file":"internal/modules/cjs/loader.js","function":"Module._extensions..js","line":789,"method":".js","native":false},{"column":32,"file":"internal/modules/cjs/loader.js","function":"Module.load","line":653,"method":"load","native":false},{"column":12,"file":"internal/modules/cjs/loader.js","function":"tryModuleLoad","line":593,"method":null,"native":false},{"column":3,"file":"internal/modules/cjs/loader.js","function":"Module._load","line":585,"method":"_load","native":false},{"column":17,"file":"internal/modules/cjs/loader.js","function":"Module.require","line":692,"method":"require","native":false},{"column":18,"file":"internal/modules/cjs/helpers.js","function":"require","line":25,"method":null,"native":false},{"column":47,"file":"/media/mapper/ekbazaar/trade-api/app.js","function":null,"line":16,"method":null,"native":false},{"column":30,"file":"internal/modules/cjs/loader.js","function":"Module._compile","line":778,"method":"_compile","native":false},{"column":10,"file":"internal/modules/cjs/loader.js","function":"Module._extensions..js","line":789,"method":".js","native":false},{"column":32,"file":"internal/modules/cjs/loader.js","function":"Module.load","line":653,"method":"load","native":false},{"column":12,"file":"internal/modules/cjs/loader.js","function":"tryModuleLoad","line":593,"method":null,"native":false},{"column":3,"file":"internal/modules/cjs/loader.js","function":"Module._load","line":585,"method":"_load","native":false},{"column":12,"file":"internal/modules/cjs/loader.js","function":"Module.runMain","line":831,"method":"runMain","native":false},{"column":19,"file":"internal/bootstrap/node.js","function":"startup","line":283,"method":null,"native":false},{"column":3,"file":"internal/bootstrap/node.js","function":"bootstrapNodeJSCore","line":623,"method":null,"native":false}],"timestamp":"2021-02-26T08:04:56.473Z"}
{"message":"Listening:8070","level":"info","timestamp":"2021-02-26T08:05:08.186Z"}
{"message":"Listening:8070","level":"info","timestamp":"2021-02-26T08:12:22.222Z"}
{"message":"Listening:8070","level":"info","timestamp":"2021-02-26T08:13:22.039Z"}
{"message":"Listening:8070","level":"info","timestamp":"2021-02-26T08:14:56.185Z"}
{"message":"Listening:8070","level":"info","timestamp":"2021-02-26T08:15:01.603Z"}
{"message":"Listening:8070","level":"info","timestamp":"2021-02-26T08:17:19.991Z"}
{"message":"Listening:8070","level":"info","timestamp":"2021-02-26T08:19:06.646Z"}
{"message":"Listening:8070","level":"info","timestamp":"2021-02-26T10:08:51.624Z"}
{"message":"Listening:8070","level":"info","timestamp":"2021-02-26T10:36:19.777Z"}
{"message":"Listening:8070","level":"info","timestamp":"2021-02-26T10:43:52.788Z"}
>>>>>>> ccbb7da7072223891725391753ef9614b79383d1
{"message":"Listening:8070","level":"info","timestamp":"2021-03-01T05:29:06.362Z"}
{"message":"Listening:8070","level":"info","timestamp":"2021-03-01T12:09:10.722Z"}
{"message":"Listening:8070","level":"info","timestamp":"2021-03-01T12:09:40.045Z"}
{"message":"Listening:8070","level":"info","timestamp":"2021-03-01T12:12:00.405Z"}
{"message":"Listening:8070","level":"info","timestamp":"2021-03-01T12:12:17.760Z"}
{"message":"Listening:8070","level":"info","timestamp":"2021-03-01T12:12:49.666Z"}
{"message":"Listening:8070","level":"info","timestamp":"2021-03-01T12:16:19.893Z"}
{"message":"Listening:8070","level":"info","timestamp":"2021-03-01T12:18:15.351Z"}
{"message":"Listening:8070","level":"info","timestamp":"2021-03-01T12:18:50.010Z"}
{"message":"Listening:8070","level":"info","timestamp":"2021-03-01T12:20:08.489Z"}
{"message":"Listening:8070","level":"info","timestamp":"2021-03-01T12:21:15.993Z"}
{"message":"Listening:8070","level":"info","timestamp":"2021-03-01T12:21:39.932Z"}
{"message":"Listening:8070","level":"info","timestamp":"2021-03-01T12:27:56.691Z"}
{"message":"Listening:8070","level":"info","timestamp":"2021-03-01T12:28:08.695Z"}
{"message":"Listening:8070","level":"info","timestamp":"2021-03-01T12:28:37.048Z"}
{"message":"Listening:8070","level":"info","timestamp":"2021-03-01T12:28:45.322Z"}
{"message":"Listening:8070","level":"info","timestamp":"2021-03-01T12:29:02.833Z"}
{"message":"Listening:8070","level":"info","timestamp":"2021-03-01T12:29:59.312Z"}
{"message":"Listening:8070","level":"info","timestamp":"2021-03-01T12:39:48.743Z"}
{"message":"Listening:8070","level":"info","timestamp":"2021-03-01T12:40:01.101Z"}
{"message":"Listening:8070","level":"info","timestamp":"2021-03-01T12:40:11.299Z"}
{"message":"Listening:8070","level":"info","timestamp":"2021-03-01T12:42:21.590Z"}
{"message":"Listening:8070","level":"info","timestamp":"2021-03-01T12:43:56.561Z"}
{"message":"Listening:8070","level":"info","timestamp":"2021-03-01T12:45:13.771Z"}
{"message":"Listening:8070","level":"info","timestamp":"2021-03-01T12:46:50.561Z"}
{"message":"Listening:8070","level":"info","timestamp":"2021-03-01T12:47:15.921Z"}
{"error":{},"level":"error","message":"uncaughtException: Unexpected token '.'\n/media/mapper/trade/trade_api/src/controllers/web/testController.js:85\n                    const plan = await getSellerPlan({ element.sellerId._id.planId })\n                                                              ^\n\nSyntaxError: Unexpected token '.'\n    at Module._compile (internal/modules/cjs/loader.js:895:18)\n    at Object.Module._extensions..js (internal/modules/cjs/loader.js:995:10)\n    at Module.load (internal/modules/cjs/loader.js:815:32)\n    at Function.Module._load (internal/modules/cjs/loader.js:727:14)\n    at Module.require (internal/modules/cjs/loader.js:852:19)\n    at require (internal/modules/cjs/helpers.js:74:18)\n    at Object.<anonymous> (/media/mapper/trade/trade_api/app.js:19:68)\n    at Module._compile (internal/modules/cjs/loader.js:959:30)\n    at Object.Module._extensions..js (internal/modules/cjs/loader.js:995:10)\n    at Module.load (internal/modules/cjs/loader.js:815:32)\n    at Function.Module._load (internal/modules/cjs/loader.js:727:14)\n    at Function.Module.runMain (internal/modules/cjs/loader.js:1047:10)\n    at internal/main/run_main_module.js:17:11","stack":"/media/mapper/trade/trade_api/src/controllers/web/testController.js:85\n                    const plan = await getSellerPlan({ element.sellerId._id.planId })\n                                                              ^\n\nSyntaxError: Unexpected token '.'\n    at Module._compile (internal/modules/cjs/loader.js:895:18)\n    at Object.Module._extensions..js (internal/modules/cjs/loader.js:995:10)\n    at Module.load (internal/modules/cjs/loader.js:815:32)\n    at Function.Module._load (internal/modules/cjs/loader.js:727:14)\n    at Module.require (internal/modules/cjs/loader.js:852:19)\n    at require (internal/modules/cjs/helpers.js:74:18)\n    at Object.<anonymous> (/media/mapper/trade/trade_api/app.js:19:68)\n    at Module._compile (internal/modules/cjs/loader.js:959:30)\n    at Object.Module._extensions..js (internal/modules/cjs/loader.js:995:10)\n    at Module.load (internal/modules/cjs/loader.js:815:32)\n    at Function.Module._load (internal/modules/cjs/loader.js:727:14)\n    at Function.Module.runMain (internal/modules/cjs/loader.js:1047:10)\n    at internal/main/run_main_module.js:17:11","exception":true,"date":"Mon Mar 01 2021 18:21:33 GMT+0530 (India Standard Time)","process":{"pid":49591,"uid":1000,"gid":1000,"cwd":"/media/mapper/trade/trade_api","execPath":"/usr/bin/node","version":"v12.14.0","argv":["/usr/bin/node","/media/mapper/trade/trade_api/app.js"],"memoryUsage":{"rss":111779840,"heapTotal":71143424,"heapUsed":49370136,"external":21080926}},"os":{"loadavg":[0.5712890625,0.6455078125,0.59423828125],"uptime":30163},"trace":[{"column":18,"file":"internal/modules/cjs/loader.js","function":"Module._compile","line":895,"method":"_compile","native":false},{"column":10,"file":"internal/modules/cjs/loader.js","function":"Module._extensions..js","line":995,"method":".js","native":false},{"column":32,"file":"internal/modules/cjs/loader.js","function":"Module.load","line":815,"method":"load","native":false},{"column":14,"file":"internal/modules/cjs/loader.js","function":"Module._load","line":727,"method":"_load","native":false},{"column":19,"file":"internal/modules/cjs/loader.js","function":"Module.require","line":852,"method":"require","native":false},{"column":18,"file":"internal/modules/cjs/helpers.js","function":"require","line":74,"method":null,"native":false},{"column":68,"file":"/media/mapper/trade/trade_api/app.js","function":null,"line":19,"method":null,"native":false},{"column":30,"file":"internal/modules/cjs/loader.js","function":"Module._compile","line":959,"method":"_compile","native":false},{"column":10,"file":"internal/modules/cjs/loader.js","function":"Module._extensions..js","line":995,"method":".js","native":false},{"column":32,"file":"internal/modules/cjs/loader.js","function":"Module.load","line":815,"method":"load","native":false},{"column":14,"file":"internal/modules/cjs/loader.js","function":"Module._load","line":727,"method":"_load","native":false},{"column":10,"file":"internal/modules/cjs/loader.js","function":"Module.runMain","line":1047,"method":"runMain","native":false},{"column":11,"file":"internal/main/run_main_module.js","function":null,"line":17,"method":null,"native":false}],"timestamp":"2021-03-01T12:51:34.000Z"}
{"message":"Listening:8070","level":"info","timestamp":"2021-03-01T12:51:52.323Z"}
{"message":"Listening:8070","level":"info","timestamp":"2021-03-01T12:52:06.728Z"}
{"message":"Listening:8070","level":"info","timestamp":"2021-03-01T12:52:19.375Z"}
{"message":"Listening:8070","level":"info","timestamp":"2021-03-01T12:52:48.798Z"}
{"message":"Listening:8070","level":"info","timestamp":"2021-03-01T12:53:08.311Z"}
{"message":"Listening:8070","level":"info","timestamp":"2021-03-01T12:56:40.525Z"}
{"message":"Listening:8070","level":"info","timestamp":"2021-03-01T12:57:51.552Z"}
{"message":"Listening:8070","level":"info","timestamp":"2021-03-01T13:00:03.212Z"}
{"message":"Listening:8070","level":"info","timestamp":"2021-03-01T13:01:20.434Z"}
{"message":"Listening:8070","level":"info","timestamp":"2021-03-01T13:03:22.959Z"}
{"message":"Listening:8070","level":"info","timestamp":"2021-03-01T13:03:45.223Z"}
{"message":"Listening:8070","level":"info","timestamp":"2021-03-01T13:06:27.754Z"}
{"message":"Listening:8070","level":"info","timestamp":"2021-03-01T13:06:41.391Z"}
{"message":"Listening:8070","level":"info","timestamp":"2021-03-01T13:07:40.017Z"}
{"message":"Listening:8070","level":"info","timestamp":"2021-03-01T13:07:50.120Z"}
{"message":"Listening:8070","level":"info","timestamp":"2021-03-01T13:08:48.622Z"}
{"message":"Listening:8070","level":"info","timestamp":"2021-03-01T13:09:41.518Z"}
{"message":"Listening:8070","level":"info","timestamp":"2021-03-01T13:18:20.503Z"}
{"message":"Listening:8070","level":"info","timestamp":"2021-03-02T04:44:23.001Z"}
{"message":"Listening:8070","level":"info","timestamp":"2021-03-02T04:44:33.615Z"}
{"message":"Listening:8070","level":"info","timestamp":"2021-03-02T04:50:09.166Z"}
{"message":"Listening:8070","level":"info","timestamp":"2021-03-02T04:53:14.291Z"}
{"message":"Listening:8070","level":"info","timestamp":"2021-03-02T04:57:29.502Z"}
{"message":"Listening:8070","level":"info","timestamp":"2021-03-02T04:57:38.777Z"}
{"message":"Listening:8070","level":"info","timestamp":"2021-03-02T04:57:47.927Z"}
{"message":"Listening:8070","level":"info","timestamp":"2021-03-02T05:02:41.796Z"}
{"message":"Listening:8070","level":"info","timestamp":"2021-03-02T05:18:52.718Z"}
{"message":"Listening:8070","level":"info","timestamp":"2021-03-02T05:19:38.297Z"}
{"message":"Listening:8070","level":"info","timestamp":"2021-03-02T05:21:23.154Z"}
{"message":"Listening:8070","level":"info","timestamp":"2021-03-02T05:23:09.298Z"}
{"message":"Listening:8070","level":"info","timestamp":"2021-03-02T05:25:10.512Z"}
{"message":"Listening:8070","level":"info","timestamp":"2021-03-02T05:26:33.040Z"}
{"message":"Listening:8070","level":"info","timestamp":"2021-03-02T05:27:23.025Z"}
{"message":"Listening:8070","level":"info","timestamp":"2021-03-02T05:38:03.166Z"}
{"message":"Listening:8070","level":"info","timestamp":"2021-03-02T05:43:27.509Z"}
{"message":"Listening:8070","level":"info","timestamp":"2021-03-02T05:43:28.912Z"}
{"message":"Listening:8070","level":"info","timestamp":"2021-03-02T05:43:57.595Z"}
{"message":"Listening:8070","level":"info","timestamp":"2021-03-02T05:44:16.872Z"}
{"message":"Listening:8070","level":"info","timestamp":"2021-03-02T06:11:18.643Z"}
